# JRE version: Java(TM) SE Runtime Environment (8.0_77-b03) (build 1.8.0_77-b03)
# Java VM: Java HotSpot(TM) 64-Bit Server VM (25.77-b03 mixed mode windows-amd64 compressed oops)
Heap:
 par new generation   total 39296K, used 13030K [0x00000000c0000000, 0x00000000c2aa0000, 0x00000000d4cc0000)
  eden space 34944K,  33% used [0x00000000c0000000, 0x00000000c0b6d5e0, 0x00000000c2220000)
  from space 4352K,  30% used [0x00000000c2220000, 0x00000000c236c540, 0x00000000c2660000)
  to   space 4352K,   0% used [0x00000000c2660000, 0x00000000c2660000, 0x00000000c2aa0000)
 concurrent mark-sweep generation total 87424K, used 38746K [0x00000000d4cc0000, 0x00000000da220000, 0x0000000100000000)
 Metaspace       used 48074K, capacity 52758K, committed 52996K, reserved 1095680K
  class space    used 5830K, capacity 7247K, committed 7264K, reserved 1048576K
GC Heap History (10 events):
Event: 37.593 GC heap before
{Heap before GC invocations=5 (full 1):
 par new generation   total 39296K, used 39296K [0x00000000c0000000, 0x00000000c2aa0000, 0x00000000d4cc0000)
  eden space 34944K, 100% used [0x00000000c0000000, 0x00000000c2220000, 0x00000000c2220000)
  from space 4352K, 100% used [0x00000000c2660000, 0x00000000c2aa0000, 0x00000000c2aa0000)
  to   space 4352K,   0% used [0x00000000c2220000, 0x00000000c2220000, 0x00000000c2660000)
 concurrent mark-sweep generation total 87424K, used 42725K [0x00000000d4cc0000, 0x00000000da220000, 0x0000000100000000)
 Metaspace       used 43585K, capacity 47824K, committed 48096K, reserved 1091584K
  class space    used 5210K, capacity 6441K, committed 6472K, reserved 1048576K
Event: 37.627 GC heap after
Heap after GC invocations=6 (full 1):
 par new generation   total 39296K, used 4351K [0x00000000c0000000, 0x00000000c2aa0000, 0x00000000d4cc0000)
  eden space 34944K,   0% used [0x00000000c0000000, 0x00000000c0000000, 0x00000000c2220000)
  from space 4352K,  99% used [0x00000000c2220000, 0x00000000c265fff8, 0x00000000c2660000)
  to   space 4352K,   0% used [0x00000000c2660000, 0x00000000c2660000, 0x00000000c2aa0000)
 concurrent mark-sweep generation total 87424K, used 50276K [0x00000000d4cc0000, 0x00000000da220000, 0x0000000100000000)
 Metaspace       used 43585K, capacity 47824K, committed 48096K, reserved 1091584K
  class space    used 5210K, capacity 6441K, committed 6472K, reserved 1048576K
}
Event: 42.976 GC heap before
{Heap before GC invocations=6 (full 1):
 par new generation   total 39296K, used 38120K [0x00000000c0000000, 0x00000000c2aa0000, 0x00000000d4cc0000)
  eden space 34944K,  96% used [0x00000000c0000000, 0x00000000c20fa140, 0x00000000c2220000)
  from space 4352K,  99% used [0x00000000c2220000, 0x00000000c265fff8, 0x00000000c2660000)
  to   space 4352K,   0% used [0x00000000c2660000, 0x00000000c2660000, 0x00000000c2aa0000)
 concurrent mark-sweep generation total 87424K, used 50276K [0x00000000d4cc0000, 0x00000000da220000, 0x0000000100000000)
 Metaspace       used 45021K, capacity 49374K, committed 49424K, reserved 1091584K
  class space    used 5420K, capacity 6657K, committed 6676K, reserved 1048576K
Event: 42.997 GC heap after
Heap after GC invocations=7 (full 1):
 par new generation   total 39296K, used 4352K [0x00000000c0000000, 0x00000000c2aa0000, 0x00000000d4cc0000)
  eden space 34944K,   0% used [0x00000000c0000000, 0x00000000c0000000, 0x00000000c2220000)
  from space 4352K, 100% used [0x00000000c2660000, 0x00000000c2aa0000, 0x00000000c2aa0000)
  to   space 4352K,   0% used [0x00000000c2220000, 0x00000000c2220000, 0x00000000c2660000)
 concurrent mark-sweep generation total 87424K, used 53090K [0x00000000d4cc0000, 0x00000000da220000, 0x0000000100000000)
 Metaspace       used 45021K, capacity 49374K, committed 49424K, reserved 1091584K
  class space    used 5420K, capacity 6657K, committed 6676K, reserved 1048576K
}
Event: 43.559 GC heap before
{Heap before GC invocations=7 (full 2):
 par new generation   total 39296K, used 39013K [0x00000000c0000000, 0x00000000c2aa0000, 0x00000000d4cc0000)
  eden space 34944K,  99% used [0x00000000c0000000, 0x00000000c21d9600, 0x00000000c2220000)
  from space 4352K, 100% used [0x00000000c2660000, 0x00000000c2aa0000, 0x00000000c2aa0000)
  to   space 4352K,   0% used [0x00000000c2220000, 0x00000000c2220000, 0x00000000c2660000)
 concurrent mark-sweep generation total 87424K, used 35266K [0x00000000d4cc0000, 0x00000000da220000, 0x0000000100000000)
 Metaspace       used 45871K, capacity 50154K, committed 50344K, reserved 1093632K
  class space    used 5523K, capacity 6749K, committed 6752K, reserved 1048576K
Event: 43.566 GC heap after
Heap after GC invocations=8 (full 2):
 par new generation   total 39296K, used 3413K [0x00000000c0000000, 0x00000000c2aa0000, 0x00000000d4cc0000)
  eden space 34944K,   0% used [0x00000000c0000000, 0x00000000c0000000, 0x00000000c2220000)
  from space 4352K,  78% used [0x00000000c2220000, 0x00000000c25756d8, 0x00000000c2660000)
  to   space 4352K,   0% used [0x00000000c2660000, 0x00000000c2660000, 0x00000000c2aa0000)
 concurrent mark-sweep generation total 87424K, used 38495K [0x00000000d4cc0000, 0x00000000da220000, 0x0000000100000000)
 Metaspace       used 45871K, capacity 50154K, committed 50344K, reserved 1093632K
  class space    used 5523K, capacity 6749K, committed 6752K, reserved 1048576K
}
Event: 43.951 GC heap before
{Heap before GC invocations=8 (full 2):
 par new generation   total 39296K, used 36576K [0x00000000c0000000, 0x00000000c2aa0000, 0x00000000d4cc0000)
  eden space 34944K,  94% used [0x00000000c0000000, 0x00000000c2062c88, 0x00000000c2220000)
  from space 4352K,  78% used [0x00000000c2220000, 0x00000000c25756d8, 0x00000000c2660000)
  to   space 4352K,   0% used [0x00000000c2660000, 0x00000000c2660000, 0x00000000c2aa0000)
 concurrent mark-sweep generation total 87424K, used 38495K [0x00000000d4cc0000, 0x00000000da220000, 0x0000000100000000)
 Metaspace       used 46677K, capacity 51004K, committed 51368K, reserved 1093632K
  class space    used 5623K, capacity 6900K, committed 7008K, reserved 1048576K
Event: 43.954 GC heap after
Heap after GC invocations=9 (full 2):
 par new generation   total 39296K, used 872K [0x00000000c0000000, 0x00000000c2aa0000, 0x00000000d4cc0000)
  eden space 34944K,   0% used [0x00000000c0000000, 0x00000000c0000000, 0x00000000c2220000)
  from space 4352K,  20% used [0x00000000c2660000, 0x00000000c273a040, 0x00000000c2aa0000)
  to   space 4352K,   0% used [0x00000000c2220000, 0x00000000c2220000, 0x00000000c2660000)
 concurrent mark-sweep generation total 87424K, used 38746K [0x00000000d4cc0000, 0x00000000da220000, 0x0000000100000000)
 Metaspace       used 46677K, capacity 51004K, committed 51368K, reserved 1093632K
  class space    used 5623K, capacity 6900K, committed 7008K, reserved 1048576K
}
Event: 44.320 GC heap before
{Heap before GC invocations=9 (full 2):
 par new generation   total 39296K, used 35627K [0x00000000c0000000, 0x00000000c2aa0000, 0x00000000d4cc0000)
  eden space 34944K,  99% used [0x00000000c0000000, 0x00000000c21f0de0, 0x00000000c2220000)
  from space 4352K,  20% used [0x00000000c2660000, 0x00000000c273a040, 0x00000000c2aa0000)
  to   space 4352K,   0% used [0x00000000c2220000, 0x00000000c2220000, 0x00000000c2660000)
 concurrent mark-sweep generation total 87424K, used 38746K [0x00000000d4cc0000, 0x00000000da220000, 0x0000000100000000)
 Metaspace       used 47028K, capacity 51456K, committed 51752K, reserved 1093632K
  class space    used 5667K, capacity 7045K, committed 7136K, reserved 1048576K
Event: 44.323 GC heap after
Heap after GC invocations=10 (full 2):
 par new generation   total 39296K, used 1329K [0x00000000c0000000, 0x00000000c2aa0000, 0x00000000d4cc0000)
  eden space 34944K,   0% used [0x00000000c0000000, 0x00000000c0000000, 0x00000000c2220000)
  from space 4352K,  30% used [0x00000000c2220000, 0x00000000c236c540, 0x00000000c2660000)
  to   space 4352K,   0% used [0x00000000c2660000, 0x00000000c2660000, 0x00000000c2aa0000)
 concurrent mark-sweep generation total 87424K, used 38746K [0x00000000d4cc0000, 0x00000000da220000, 0x0000000100000000)
 Metaspace       used 47028K, capacity 51456K, committed 51752K, reserved 1093632K
  class space    used 5667K, capacity 7045K, committed 7136K, reserved 1048576K
}

